Nov 29, 2017 4:39:03 PM org.apache.catalina.core.AprLifecycleListener lifecycleEvent
INFO: The Apache Tomcat Native library which allows optimal performance in production environments was not found on the java.library.path: /usr/java/packages/lib/amd64:/usr/lib64:/lib64:/lib:/usr/lib
Nov 29, 2017 4:39:03 PM org.apache.coyote.http11.Http11Protocol init
INFO: Initializing Coyote HTTP/1.1 on http-29882
Nov 29, 2017 4:39:03 PM org.apache.catalina.startup.Catalina load
INFO: Initialization processed in 321 ms
Nov 29, 2017 4:39:03 PM org.apache.catalina.core.StandardService start
INFO: Starting service Catalina
Nov 29, 2017 4:39:03 PM org.apache.catalina.core.StandardEngine start
INFO: Starting Servlet Engine: Apache Tomcat/6.0.1
Nov 29, 2017 4:39:03 PM org.apache.catalina.core.StandardHost start
INFO: XML validation disabled
Nov 29, 2017 4:39:04 PM org.apache.coyote.http11.Http11Protocol start
INFO: Starting Coyote HTTP/1.1 on http-29882
Nov 29, 2017 4:39:04 PM org.apache.jk.common.ChannelSocket init
INFO: Port busy 8009 java.net.BindException: Address already in use
Nov 29, 2017 4:39:04 PM org.apache.jk.common.ChannelSocket init
INFO: Port busy 8010 java.net.BindException: Address already in use
Nov 29, 2017 4:39:04 PM org.apache.jk.common.ChannelSocket init
INFO: Port busy 8011 java.net.BindException: Address already in use
Nov 29, 2017 4:39:04 PM org.apache.jk.common.ChannelSocket init
INFO: Port busy 8012 java.net.BindException: Address already in use
Nov 29, 2017 4:39:04 PM org.apache.jk.common.ChannelSocket init
INFO: Port busy 8013 java.net.BindException: Address already in use
Nov 29, 2017 4:39:04 PM org.apache.jk.common.ChannelSocket init
INFO: Port busy 8014 java.net.BindException: Address already in use
Nov 29, 2017 4:39:04 PM org.apache.jk.common.ChannelSocket init
INFO: Port busy 8015 java.net.BindException: Address already in use
Nov 29, 2017 4:39:04 PM org.apache.jk.common.ChannelSocket init
INFO: JK: ajp13 listening on /0.0.0.0:8016
Nov 29, 2017 4:39:04 PM org.apache.jk.server.JkMain start
INFO: Jk running ID=7 time=0/42  config=null
Nov 29, 2017 4:39:04 PM org.apache.catalina.startup.Catalina start
INFO: Server startup in 839 ms
